2024-05-30 23:04:33 INFO  T.E.ExcelTrainingApplication - Starting ExcelTrainingApplication using Java 17.0.11 with PID 5160 (D:\Java\JavaTraining\ExcelTraining\ExcelTraining\target\classes started by User in D:\Java\JavaTraining\ExcelTraining)
2024-05-30 23:04:33 INFO  T.E.ExcelTrainingApplication - No active profile set, falling back to 1 default profile: "default"
2024-05-30 23:04:33 INFO  o.s.b.d.e.DevToolsPropertyDefaultsPostProcessor - Devtools property defaults active! Set 'spring.devtools.add-properties' to 'false' to disable
2024-05-30 23:04:33 INFO  o.s.b.d.e.DevToolsPropertyDefaultsPostProcessor - For additional web related logging consider setting the 'logging.level.web' property to 'DEBUG'
2024-05-30 23:04:34 INFO  o.s.d.r.c.RepositoryConfigurationDelegate - Bootstrapping Spring Data JPA repositories in DEFAULT mode.
2024-05-30 23:04:34 INFO  o.s.d.r.c.RepositoryConfigurationDelegate - Finished Spring Data repository scanning in 50 ms. Found 1 JPA repository interface.
2024-05-30 23:04:35 INFO  o.s.b.w.e.tomcat.TomcatWebServer - Tomcat initialized with port 8080 (http)
2024-05-30 23:04:35 INFO  o.a.coyote.http11.Http11NioProtocol - Initializing ProtocolHandler ["http-nio-8080"]
2024-05-30 23:04:35 INFO  o.a.catalina.core.StandardService - Starting service [Tomcat]
2024-05-30 23:04:35 INFO  o.a.catalina.core.StandardEngine - Starting Servlet engine: [Apache Tomcat/10.1.20]
2024-05-30 23:04:35 INFO  o.a.c.c.C.[Tomcat].[localhost].[/] - Initializing Spring embedded WebApplicationContext
2024-05-30 23:04:35 INFO  o.s.b.w.s.c.ServletWebServerApplicationContext - Root WebApplicationContext: initialization completed in 2273 ms
2024-05-30 23:04:36 INFO  o.h.jpa.internal.util.LogHelper - HHH000204: Processing PersistenceUnitInfo [name: default]
2024-05-30 23:04:36 INFO  org.hibernate.Version - HHH000412: Hibernate ORM core version 6.4.4.Final
2024-05-30 23:04:36 INFO  o.h.c.i.RegionFactoryInitiator - HHH000026: Second-level cache disabled
2024-05-30 23:04:36 INFO  o.s.o.j.p.SpringPersistenceUnitInfo - No LoadTimeWeaver setup: ignoring JPA class transformer
2024-05-30 23:04:36 INFO  com.zaxxer.hikari.HikariDataSource - HikariPool-1 - Starting...
2024-05-30 23:04:36 INFO  com.zaxxer.hikari.pool.HikariPool - HikariPool-1 - Added connection com.mysql.cj.jdbc.ConnectionImpl@4aa6a7e4
2024-05-30 23:04:36 INFO  com.zaxxer.hikari.HikariDataSource - HikariPool-1 - Start completed.
2024-05-30 23:04:37 WARN  org.hibernate.orm.deprecation - HHH90000025: MySQL8Dialect does not need to be specified explicitly using 'hibernate.dialect' (remove the property setting and it will be selected by default)
2024-05-30 23:04:37 WARN  org.hibernate.orm.deprecation - HHH90000026: MySQL8Dialect has been deprecated; use org.hibernate.dialect.MySQLDialect instead
2024-05-30 23:04:37 INFO  o.h.e.t.j.p.i.JtaPlatformInitiator - HHH000489: No JTA platform available (set 'hibernate.transaction.jta.platform' to enable JTA platform integration)
2024-05-30 23:04:37 INFO  o.s.o.j.LocalContainerEntityManagerFactoryBean - Initialized JPA EntityManagerFactory for persistence unit 'default'
2024-05-30 23:04:38 WARN  o.s.b.a.o.j.JpaBaseConfiguration$JpaWebConfiguration - spring.jpa.open-in-view is enabled by default. Therefore, database queries may be performed during view rendering. Explicitly configure spring.jpa.open-in-view to disable this warning
2024-05-30 23:04:39 INFO  o.s.b.d.a.OptionalLiveReloadServer - LiveReload server is running on port 35729
2024-05-30 23:04:39 INFO  o.a.coyote.http11.Http11NioProtocol - Starting ProtocolHandler ["http-nio-8080"]
2024-05-30 23:04:40 INFO  o.s.b.w.e.tomcat.TomcatWebServer - Tomcat started on port 8080 (http) with context path ''
2024-05-30 23:04:40 INFO  T.E.ExcelTrainingApplication - Started ExcelTrainingApplication in 7.248 seconds (process running for 7.697)
2024-05-30 23:04:56 INFO  o.a.c.c.C.[Tomcat].[localhost].[/] - Initializing Spring DispatcherServlet 'dispatcherServlet'
2024-05-30 23:04:56 INFO  o.s.web.servlet.DispatcherServlet - Initializing Servlet 'dispatcherServlet'
2024-05-30 23:04:56 INFO  o.s.web.servlet.DispatcherServlet - Completed initialization in 2 ms
2024-05-30 23:04:56 INFO  T.ExcelTraining.LoggingAspect - Entering method: GetList in class: TWAJavaTraining.ExcelTraining.Controllers.UserController
2024-05-30 23:04:56 INFO  T.ExcelTraining.LoggingAspect - Exiting method: GetList in class: TWAJavaTraining.ExcelTraining.Controllers.UserController with result: user_list
